# JRE version: Java(TM) SE Runtime Environment (7.0_60-b19) (build 1.7.0_60-b19)
# Java VM: Java HotSpot(TM) Server VM (24.60-b09 mixed mode linux-x86 )
Heap
 PSYoungGen      total 171264K, used 18935K [0x9e040000, 0xabb40000, 0xb35c0000)
  eden space 152320K, 0% used [0x9e040000,0x9e040000,0xa7500000)
  from space 18944K, 99% used [0xa9640000,0xaa8bdd50,0xaa8c0000)
  to   space 7680K, 0% used [0xab3c0000,0xab3c0000,0xabb40000)
 ParOldGen       total 64512K, used 35755K [0x735c0000, 0x774c0000, 0x9e040000)
  object space 64512K, 55% used [0x735c0000,0x758aaf78,0x774c0000)
 PSPermGen       total 16384K, used 4074K [0x6f5c0000, 0x705c0000, 0x735c0000)
  object space 16384K, 24% used [0x6f5c0000,0x6f9baab0,0x705c0000)
GC Heap History (10 events):
Event: 17.088 GC heap after
Heap after GC invocations=5 (full 0):
 PSYoungGen      total 51968K, used 1792K [0x9e040000, 0xa54c0000, 0xb35c0000)
  eden space 50176K, 0% used [0x9e040000,0x9e040000,0xa1140000)
  from space 1792K, 100% used [0xa1140000,0xa1300000,0xa1300000)
  to   space 9472K, 0% used [0xa4b80000,0xa4b80000,0xa54c0000)
 ParOldGen       total 32000K, used 19188K [0x735c0000, 0x75500000, 0x9e040000)
  object space 32000K, 59% used [0x735c0000,0x7487d318,0x75500000)
 PSPermGen       total 16384K, used 3859K [0x6f5c0000, 0x705c0000, 0x735c0000)
  object space 16384K, 23% used [0x6f5c0000,0x6f984c28,0x705c0000)
}
Event: 20.315 GC heap before
{Heap before GC invocations=6 (full 0):
 PSYoungGen      total 51968K, used 51968K [0x9e040000, 0xa54c0000, 0xb35c0000)
  eden space 50176K, 100% used [0x9e040000,0xa1140000,0xa1140000)
  from space 1792K, 100% used [0xa1140000,0xa1300000,0xa1300000)
  to   space 9472K, 0% used [0xa4b80000,0xa4b80000,0xa54c0000)
 ParOldGen       total 32000K, used 19188K [0x735c0000, 0x75500000, 0x9e040000)
  object space 32000K, 59% used [0x735c0000,0x7487d318,0x75500000)
 PSPermGen       total 16384K, used 3874K [0x6f5c0000, 0x705c0000, 0x735c0000)
  object space 16384K, 23% used [0x6f5c0000,0x6f988968,0x705c0000)
Event: 20.586 GC heap after
Heap after GC invocations=6 (full 0):
 PSYoungGen      total 107776K, used 9460K [0x9e040000, 0xa58c0000, 0xb35c0000)
  eden space 98304K, 0% used [0x9e040000,0x9e040000,0xa4040000)
  from space 9472K, 99% used [0xa4b80000,0xa54bd0e0,0xa54c0000)
  to   space 11520K, 0% used [0xa4040000,0xa4040000,0xa4b80000)
 ParOldGen       total 32000K, used 19979K [0x735c0000, 0x75500000, 0x9e040000)
  object space 32000K, 62% used [0x735c0000,0x74942e48,0x75500000)
 PSPermGen       total 16384K, used 3874K [0x6f5c0000, 0x705c0000, 0x735c0000)
  object space 16384K, 23% used [0x6f5c0000,0x6f988968,0x705c0000)
}
Event: 25.228 GC heap before
{Heap before GC invocations=7 (full 0):
 PSYoungGen      total 107776K, used 107764K [0x9e040000, 0xa58c0000, 0xb35c0000)
  eden space 98304K, 100% used [0x9e040000,0xa4040000,0xa4040000)
  from space 9472K, 99% used [0xa4b80000,0xa54bd0e0,0xa54c0000)
  to   space 11520K, 0% used [0xa4040000,0xa4040000,0xa4b80000)
 ParOldGen       total 32000K, used 19981K [0x735c0000, 0x75500000, 0x9e040000)
  object space 32000K, 62% used [0x735c0000,0x749435f0,0x75500000)
 PSPermGen       total 16384K, used 3896K [0x6f5c0000, 0x705c0000, 0x735c0000)
  object space 16384K, 23% used [0x6f5c0000,0x6f98e070,0x705c0000)
Event: 25.384 GC heap after
Heap after GC invocations=7 (full 0):
 PSYoungGen      total 109824K, used 11516K [0x9e040000, 0xac740000, 0xb35c0000)
  eden space 98304K, 0% used [0x9e040000,0x9e040000,0xa4040000)
  from space 11520K, 99% used [0xa4040000,0xa4b7f2d0,0xa4b80000)
  to   space 19968K, 0% used [0xab3c0000,0xab3c0000,0xac740000)
 ParOldGen       total 33024K, used 32967K [0x735c0000, 0x75600000, 0x9e040000)
  object space 33024K, 99% used [0x735c0000,0x755f1d10,0x75600000)
 PSPermGen       total 16384K, used 3896K [0x6f5c0000, 0x705c0000, 0x735c0000)
  object space 16384K, 23% used [0x6f5c0000,0x6f98e070,0x705c0000)
}
Event: 25.384 GC heap before
{Heap before GC invocations=8 (full 1):
 PSYoungGen      total 109824K, used 11516K [0x9e040000, 0xac740000, 0xb35c0000)
  eden space 98304K, 0% used [0x9e040000,0x9e040000,0xa4040000)
  from space 11520K, 99% used [0xa4040000,0xa4b7f2d0,0xa4b80000)
  to   space 19968K, 0% used [0xab3c0000,0xab3c0000,0xac740000)
 ParOldGen       total 33024K, used 32967K [0x735c0000, 0x75600000, 0x9e040000)
  object space 33024K, 99% used [0x735c0000,0x755f1d10,0x75600000)
 PSPermGen       total 16384K, used 3896K [0x6f5c0000, 0x705c0000, 0x735c0000)
  object space 16384K, 23% used [0x6f5c0000,0x6f98e070,0x705c0000)
Event: 26.708 GC heap after
Heap after GC invocations=8 (full 1):
 PSYoungGen      total 109824K, used 7382K [0x9e040000, 0xac740000, 0xb35c0000)
  eden space 98304K, 0% used [0x9e040000,0x9e040000,0xa4040000)
  from space 11520K, 64% used [0xa4040000,0xa47758f0,0xa4b80000)
  to   space 19968K, 0% used [0xab3c0000,0xab3c0000,0xac740000)
 ParOldGen       total 64512K, used 32943K [0x735c0000, 0x774c0000, 0x9e040000)
  object space 64512K, 51% used [0x735c0000,0x755ebe08,0x774c0000)
 PSPermGen       total 16384K, used 3894K [0x6f5c0000, 0x705c0000, 0x735c0000)
  object space 16384K, 23% used [0x6f5c0000,0x6f98d930,0x705c0000)
}
Event: 26.730 GC heap before
{Heap before GC invocations=9 (full 1):
 PSYoungGen      total 109824K, used 8666K [0x9e040000, 0xac740000, 0xb35c0000)
  eden space 98304K, 1% used [0x9e040000,0x9e180fc8,0xa4040000)
  from space 11520K, 64% used [0xa4040000,0xa47758f0,0xa4b80000)
  to   space 19968K, 0% used [0xab3c0000,0xab3c0000,0xac740000)
 ParOldGen       total 64512K, used 32943K [0x735c0000, 0x774c0000, 0x9e040000)
  object space 64512K, 51% used [0x735c0000,0x755ebe08,0x774c0000)
 PSPermGen       total 16384K, used 3894K [0x6f5c0000, 0x705c0000, 0x735c0000)
  object space 16384K, 23% used [0x6f5c0000,0x6f98d930,0x705c0000)
Event: 26.914 GC heap after
Heap after GC invocations=9 (full 1):
 PSYoungGen      total 160000K, used 7573K [0x9e040000, 0xabb40000, 0xb35c0000)
  eden space 152320K, 0% used [0x9e040000,0x9e040000,0xa7500000)
  from space 7680K, 98% used [0xab3c0000,0xabb256b0,0xabb40000)
  to   space 18944K, 0% used [0xa9640000,0xa9640000,0xaa8c0000)
 ParOldGen       total 64512K, used 32947K [0x735c0000, 0x774c0000, 0x9e040000)
  object space 64512K, 51% used [0x735c0000,0x755ece08,0x774c0000)
 PSPermGen       total 16384K, used 3894K [0x6f5c0000, 0x705c0000, 0x735c0000)
  object space 16384K, 23% used [0x6f5c0000,0x6f98d930,0x705c0000)
}
Event: 54.113 GC heap before
{Heap before GC invocations=10 (full 1):
 PSYoungGen      total 160000K, used 159893K [0x9e040000, 0xabb40000, 0xb35c0000)
  eden space 152320K, 100% used [0x9e040000,0xa7500000,0xa7500000)
  from space 7680K, 98% used [0xab3c0000,0xabb256b0,0xabb40000)
  to   space 18944K, 0% used [0xa9640000,0xa9640000,0xaa8c0000)
 ParOldGen       total 64512K, used 32947K [0x735c0000, 0x774c0000, 0x9e040000)
  object space 64512K, 51% used [0x735c0000,0x755ece08,0x774c0000)
 PSPermGen       total 16384K, used 4074K [0x6f5c0000, 0x705c0000, 0x735c0000)
  object space 16384K, 24% used [0x6f5c0000,0x6f9baab0,0x705c0000)

