# JRE version: Java(TM) SE Runtime Environment (7.0_60-b19) (build 1.7.0_60-b19)
# Java VM: Java HotSpot(TM) Server VM (24.60-b09 mixed mode linux-x86 )
Heap
 PSYoungGen      total 109568K, used 9206K [0x9df40000, 0xa5340000, 0xb34c0000)
  eden space 100352K, 0% used [0x9df40000,0x9df40000,0xa4140000)
  from space 9216K, 99% used [0xa4140000,0xa4a3d938,0xa4a40000)
  to   space 8960K, 0% used [0xa4a80000,0xa4a80000,0xa5340000)
 ParOldGen       total 32256K, used 32033K [0x734c0000, 0x75440000, 0x9df40000)
  object space 32256K, 99% used [0x734c0000,0x75408420,0x75440000)
 PSPermGen       total 16384K, used 4896K [0x6f4c0000, 0x704c0000, 0x734c0000)
  object space 16384K, 29% used [0x6f4c0000,0x6f9881f8,0x704c0000)
GC Heap History (10 events):
Event: 3.399 GC heap after
Heap after GC invocations=2 (full 0):
 PSYoungGen      total 26880K, used 1787K [0x9df40000, 0x9fb40000, 0xb34c0000)
  eden space 25088K, 0% used [0x9df40000,0x9df40000,0x9f7c0000)
  from space 1792K, 99% used [0x9f980000,0x9fb3ef40,0x9fb40000)
  to   space 1792K, 0% used [0x9f7c0000,0x9f7c0000,0x9f980000)
 ParOldGen       total 32000K, used 4524K [0x734c0000, 0x75400000, 0x9df40000)
  object space 32000K, 14% used [0x734c0000,0x7392b2a0,0x75400000)
 PSPermGen       total 16384K, used 3468K [0x6f4c0000, 0x704c0000, 0x734c0000)
  object space 16384K, 21% used [0x6f4c0000,0x6f823160,0x704c0000)
}
Event: 4.943 GC heap before
{Heap before GC invocations=3 (full 0):
 PSYoungGen      total 26880K, used 26688K [0x9df40000, 0x9fb40000, 0xb34c0000)
  eden space 25088K, 99% used [0x9df40000,0x9f7912e0,0x9f7c0000)
  from space 1792K, 99% used [0x9f980000,0x9fb3ef40,0x9fb40000)
  to   space 1792K, 0% used [0x9f7c0000,0x9f7c0000,0x9f980000)
 ParOldGen       total 32000K, used 4524K [0x734c0000, 0x75400000, 0x9df40000)
  object space 32000K, 14% used [0x734c0000,0x7392b2a0,0x75400000)
 PSPermGen       total 16384K, used 3798K [0x6f4c0000, 0x704c0000, 0x734c0000)
  object space 16384K, 23% used [0x6f4c0000,0x6f875800,0x704c0000)
Event: 4.987 GC heap after
Heap after GC invocations=3 (full 0):
 PSYoungGen      total 26880K, used 1778K [0x9df40000, 0xa13c0000, 0xb34c0000)
  eden space 25088K, 0% used [0x9df40000,0x9df40000,0x9f7c0000)
  from space 1792K, 99% used [0x9f7c0000,0x9f97cab0,0x9f980000)
  to   space 1792K, 0% used [0xa1200000,0xa1200000,0xa13c0000)
 ParOldGen       total 32000K, used 10201K [0x734c0000, 0x75400000, 0x9df40000)
  object space 32000K, 31% used [0x734c0000,0x73eb67b8,0x75400000)
 PSPermGen       total 16384K, used 3798K [0x6f4c0000, 0x704c0000, 0x734c0000)
  object space 16384K, 23% used [0x6f4c0000,0x6f875800,0x704c0000)
}
Event: 11.768 GC heap before
{Heap before GC invocations=4 (full 0):
 PSYoungGen      total 26880K, used 26866K [0x9df40000, 0xa13c0000, 0xb34c0000)
  eden space 25088K, 100% used [0x9df40000,0x9f7c0000,0x9f7c0000)
  from space 1792K, 99% used [0x9f7c0000,0x9f97cab0,0x9f980000)
  to   space 1792K, 0% used [0xa1200000,0xa1200000,0xa13c0000)
 ParOldGen       total 32000K, used 10201K [0x734c0000, 0x75400000, 0x9df40000)
  object space 32000K, 31% used [0x734c0000,0x73eb67b8,0x75400000)
 PSPermGen       total 16384K, used 4837K [0x6f4c0000, 0x704c0000, 0x734c0000)
  object space 16384K, 29% used [0x6f4c0000,0x6f979560,0x704c0000)
Event: 11.835 GC heap after
Heap after GC invocations=4 (full 0):
 PSYoungGen      total 51968K, used 1778K [0x9df40000, 0xa13c0000, 0xb34c0000)
  eden space 50176K, 0% used [0x9df40000,0x9df40000,0xa1040000)
  from space 1792K, 99% used [0xa1200000,0xa13bcac0,0xa13c0000)
  to   space 1792K, 0% used [0xa1040000,0xa1040000,0xa1200000)
 ParOldGen       total 32000K, used 17300K [0x734c0000, 0x75400000, 0x9df40000)
  object space 32000K, 54% used [0x734c0000,0x745a5048,0x75400000)
 PSPermGen       total 16384K, used 4837K [0x6f4c0000, 0x704c0000, 0x734c0000)
  object space 16384K, 29% used [0x6f4c0000,0x6f979560,0x704c0000)
}
Event: 13.753 GC heap before
{Heap before GC invocations=5 (full 0):
 PSYoungGen      total 51968K, used 51954K [0x9df40000, 0xa13c0000, 0xb34c0000)
  eden space 50176K, 100% used [0x9df40000,0xa1040000,0xa1040000)
  from space 1792K, 99% used [0xa1200000,0xa13bcac0,0xa13c0000)
  to   space 1792K, 0% used [0xa1040000,0xa1040000,0xa1200000)
 ParOldGen       total 32000K, used 17300K [0x734c0000, 0x75400000, 0x9df40000)
  object space 32000K, 54% used [0x734c0000,0x745a5048,0x75400000)
 PSPermGen       total 16384K, used 4881K [0x6f4c0000, 0x704c0000, 0x734c0000)
  object space 16384K, 29% used [0x6f4c0000,0x6f984718,0x704c0000)
Event: 13.796 GC heap after
Heap after GC invocations=5 (full 0):
 PSYoungGen      total 51968K, used 1789K [0x9df40000, 0xa53c0000, 0xb34c0000)
  eden space 50176K, 0% used [0x9df40000,0x9df40000,0xa1040000)
  from space 1792K, 99% used [0xa1040000,0xa11ff6a0,0xa1200000)
  to   space 9472K, 0% used [0xa4a80000,0xa4a80000,0xa53c0000)
 ParOldGen       total 32000K, used 21876K [0x734c0000, 0x75400000, 0x9df40000)
  object space 32000K, 68% used [0x734c0000,0x74a1d2d8,0x75400000)
 PSPermGen       total 16384K, used 4881K [0x6f4c0000, 0x704c0000, 0x734c0000)
  object space 16384K, 29% used [0x6f4c0000,0x6f984718,0x704c0000)
}
Event: 14.453 GC heap before
{Heap before GC invocations=6 (full 0):
 PSYoungGen      total 51968K, used 51016K [0x9df40000, 0xa53c0000, 0xb34c0000)
  eden space 50176K, 98% used [0x9df40000,0xa0f52ca8,0xa1040000)
  from space 1792K, 99% used [0xa1040000,0xa11ff6a0,0xa1200000)
  to   space 9472K, 0% used [0xa4a80000,0xa4a80000,0xa53c0000)
 ParOldGen       total 32000K, used 21876K [0x734c0000, 0x75400000, 0x9df40000)
  object space 32000K, 68% used [0x734c0000,0x74a1d2d8,0x75400000)
 PSPermGen       total 16384K, used 4888K [0x6f4c0000, 0x704c0000, 0x734c0000)
  object space 16384K, 29% used [0x6f4c0000,0x6f9860a0,0x704c0000)
Event: 14.484 GC heap after
Heap after GC invocations=6 (full 0):
 PSYoungGen      total 109312K, used 5030K [0x9df40000, 0xa5340000, 0xb34c0000)
  eden space 100352K, 0% used [0x9df40000,0x9df40000,0xa4140000)
  from space 8960K, 56% used [0xa4a80000,0xa4f69a88,0xa5340000)
  to   space 9216K, 0% used [0xa4140000,0xa4140000,0xa4a40000)
 ParOldGen       total 32000K, used 21876K [0x734c0000, 0x75400000, 0x9df40000)
  object space 32000K, 68% used [0x734c0000,0x74a1d2d8,0x75400000)
 PSPermGen       total 16384K, used 4888K [0x6f4c0000, 0x704c0000, 0x734c0000)
  object space 16384K, 29% used [0x6f4c0000,0x6f9860a0,0x704c0000)
}
Event: 15.526 GC heap before
{Heap before GC invocations=7 (full 0):
 PSYoungGen      total 109312K, used 105382K [0x9df40000, 0xa5340000, 0xb34c0000)
  eden space 100352K, 100% used [0x9df40000,0xa4140000,0xa4140000)
  from space 8960K, 56% used [0xa4a80000,0xa4f69a88,0xa5340000)
  to   space 9216K, 0% used [0xa4140000,0xa4140000,0xa4a40000)
 ParOldGen       total 32000K, used 21876K [0x734c0000, 0x75400000, 0x9df40000)
  object space 32000K, 68% used [0x734c0000,0x74a1d2d8,0x75400000)
 PSPermGen       total 16384K, used 4896K [0x6f4c0000, 0x704c0000, 0x734c0000)
  object space 16384K, 29% used [0x6f4c0000,0x6f9881f8,0x704c0000)

